<?xml version="1.0" encoding="UTF-8"?>
<testsuite name="com.study.springboot.domain.posts.PostsRepositoryTest" tests="2" skipped="0" failures="0" errors="0" timestamp="2022-10-23T06:57:20" hostname="LAPTOP-IBI4ULVI" time="0.438">
  <properties/>
  <testcase name="게시글저장_불러오기" classname="com.study.springboot.domain.posts.PostsRepositoryTest" time="0.42"/>
  <testcase name="BaseTimeEntity_등록" classname="com.study.springboot.domain.posts.PostsRepositoryTest" time="0.017"/>
  <system-out><![CDATA[2022-10-23 15:57:10.326  INFO 17144 --- [    Test worker] .b.t.c.SpringBootTestContextBootstrapper : Neither @ContextConfiguration nor @ContextHierarchy found for test class [com.study.springboot.domain.posts.PostsRepositoryTest], using SpringBootContextLoader
2022-10-23 15:57:10.328  INFO 17144 --- [    Test worker] o.s.t.c.support.AbstractContextLoader    : Could not detect default resource locations for test class [com.study.springboot.domain.posts.PostsRepositoryTest]: no resource found for suffixes {-context.xml, Context.groovy}.
2022-10-23 15:57:10.329  INFO 17144 --- [    Test worker] t.c.s.AnnotationConfigContextLoaderUtils : Could not detect default configuration classes for test class [com.study.springboot.domain.posts.PostsRepositoryTest]: PostsRepositoryTest does not declare any static, non-private, non-final, nested classes annotated with @Configuration.
2022-10-23 15:57:10.353  INFO 17144 --- [    Test worker] .b.t.c.SpringBootTestContextBootstrapper : Found @SpringBootConfiguration com.study.springboot.Application for test class com.study.springboot.domain.posts.PostsRepositoryTest
2022-10-23 15:57:10.358  INFO 17144 --- [    Test worker] .b.t.c.SpringBootTestContextBootstrapper : Loaded default TestExecutionListener class names from location [META-INF/spring.factories]: [org.springframework.security.test.context.support.WithSecurityContextTestExecutionListener, org.springframework.security.test.context.support.ReactorContextTestExecutionListener, org.springframework.boot.test.autoconfigure.restdocs.RestDocsTestExecutionListener, org.springframework.boot.test.autoconfigure.web.client.MockRestServiceServerResetTestExecutionListener, org.springframework.boot.test.autoconfigure.web.servlet.MockMvcPrintOnlyOnFailureTestExecutionListener, org.springframework.boot.test.autoconfigure.web.servlet.WebDriverTestExecutionListener, org.springframework.boot.test.mock.mockito.MockitoTestExecutionListener, org.springframework.boot.test.mock.mockito.ResetMocksTestExecutionListener, org.springframework.test.context.web.ServletTestExecutionListener, org.springframework.test.context.support.DirtiesContextBeforeModesTestExecutionListener, org.springframework.test.context.support.DependencyInjectionTestExecutionListener, org.springframework.test.context.support.DirtiesContextTestExecutionListener, org.springframework.test.context.transaction.TransactionalTestExecutionListener, org.springframework.test.context.jdbc.SqlScriptsTestExecutionListener]
2022-10-23 15:57:10.360  INFO 17144 --- [    Test worker] .b.t.c.SpringBootTestContextBootstrapper : Using TestExecutionListeners: [org.springframework.test.context.web.ServletTestExecutionListener@7cdbaa50, org.springframework.test.context.support.DirtiesContextBeforeModesTestExecutionListener@39909d1a, org.springframework.boot.test.mock.mockito.MockitoTestExecutionListener@1455154c, org.springframework.boot.test.autoconfigure.SpringBootDependencyInjectionTestExecutionListener@7343922c, org.springframework.test.context.support.DirtiesContextTestExecutionListener@526b2f3e, org.springframework.test.context.transaction.TransactionalTestExecutionListener@6f2e1024, org.springframework.test.context.jdbc.SqlScriptsTestExecutionListener@536d97f8, org.springframework.security.test.context.support.WithSecurityContextTestExecutionListener@3c50ad4b, org.springframework.security.test.context.support.ReactorContextTestExecutionListener@37496720, org.springframework.boot.test.autoconfigure.restdocs.RestDocsTestExecutionListener@28f9fedd, org.springframework.boot.test.autoconfigure.web.client.MockRestServiceServerResetTestExecutionListener@17947e6d, org.springframework.boot.test.autoconfigure.web.servlet.MockMvcPrintOnlyOnFailureTestExecutionListener@2e17a321, org.springframework.boot.test.autoconfigure.web.servlet.WebDriverTestExecutionListener@521bb1a4, org.springframework.boot.test.mock.mockito.ResetMocksTestExecutionListener@35f3a22c]

  .   ____          _            __ _ _
 /\\ / ___'_ __ _ _(_)_ __  __ _ \ \ \ \
( ( )\___ | '_ | '_| | '_ \/ _` | \ \ \ \
 \\/  ___)| |_)| | | | | || (_| |  ) ) ) )
  '  |____| .__|_| |_|_| |_\__, | / / / /
 =========|_|==============|___/=/_/_/_/
 :: Spring Boot ::        (v2.1.7.RELEASE)

2022-10-23 15:57:10.448  INFO 17144 --- [    Test worker] c.s.s.domain.posts.PostsRepositoryTest   : Starting PostsRepositoryTest on LAPTOP-IBI4ULVI with PID 17144 (started by thkim2 in C:\Users\thkim2\Desktop\스프링공부\spring-jpa-aws-study)
2022-10-23 15:57:10.448  INFO 17144 --- [    Test worker] c.s.s.domain.posts.PostsRepositoryTest   : No active profile set, falling back to default profiles: default
2022-10-23 15:57:11.453  INFO 17144 --- [    Test worker] .s.d.r.c.RepositoryConfigurationDelegate : Bootstrapping Spring Data repositories in DEFAULT mode.
2022-10-23 15:57:11.618  INFO 17144 --- [    Test worker] .s.d.r.c.RepositoryConfigurationDelegate : Finished Spring Data repository scanning in 150ms. Found 2 repository interfaces.
2022-10-23 15:57:12.157  INFO 17144 --- [    Test worker] trationDelegate$BeanPostProcessorChecker : Bean 'org.springframework.transaction.annotation.ProxyTransactionManagementConfiguration' of type [org.springframework.transaction.annotation.ProxyTransactionManagementConfiguration$$EnhancerBySpringCGLIB$$fbc97e96] is not eligible for getting processed by all BeanPostProcessors (for example: not eligible for auto-proxying)
2022-10-23 15:57:12.561  INFO 17144 --- [    Test worker] com.zaxxer.hikari.HikariDataSource       : HikariPool-1 - Starting...
2022-10-23 15:57:12.997  INFO 17144 --- [    Test worker] com.zaxxer.hikari.HikariDataSource       : HikariPool-1 - Start completed.
2022-10-23 15:57:13.238  INFO 17144 --- [    Test worker] o.hibernate.jpa.internal.util.LogHelper  : HHH000204: Processing PersistenceUnitInfo [
	name: default
	...]
2022-10-23 15:57:13.469  INFO 17144 --- [    Test worker] org.hibernate.Version                    : HHH000412: Hibernate Core {5.3.10.Final}
2022-10-23 15:57:13.474  INFO 17144 --- [    Test worker] org.hibernate.cfg.Environment            : HHH000206: hibernate.properties not found
2022-10-23 15:57:13.626  INFO 17144 --- [    Test worker] o.hibernate.annotations.common.Version   : HCANN000001: Hibernate Commons Annotations {5.0.4.Final}
2022-10-23 15:57:14.050  INFO 17144 --- [    Test worker] org.hibernate.dialect.Dialect            : HHH000400: Using dialect: org.hibernate.dialect.MySQL5InnoDBDialect
Hibernate: drop table if exists posts
Hibernate: drop table if exists user
Hibernate: create table posts (id bigint not null auto_increment, created_date datetime, modified_date datetime, author varchar(255), content TEXT not null, title varchar(500) not null, primary key (id)) engine=InnoDB
Hibernate: create table user (id bigint not null auto_increment, created_date datetime, modified_date datetime, email varchar(255) not null, name varchar(255) not null, picture varchar(255), role varchar(255) not null, primary key (id)) engine=InnoDB
2022-10-23 15:57:15.792  INFO 17144 --- [    Test worker] o.h.t.schema.internal.SchemaCreatorImpl  : HHH000476: Executing import script 'org.hibernate.tool.schema.internal.exec.ScriptSourceInputNonExistentImpl@1dfe5dd1'
2022-10-23 15:57:15.798  INFO 17144 --- [    Test worker] j.LocalContainerEntityManagerFactoryBean : Initialized JPA EntityManagerFactory for persistence unit 'default'
2022-10-23 15:57:16.937  INFO 17144 --- [    Test worker] o.h.h.i.QueryTranslatorFactoryInitiator  : HHH000397: Using ASTQueryTranslatorFactory
2022-10-23 15:57:17.710  INFO 17144 --- [    Test worker] o.s.s.web.DefaultSecurityFilterChain     : Creating filter chain: any request, [org.springframework.security.web.context.request.async.WebAsyncManagerIntegrationFilter@6abd8bcd, org.springframework.security.web.context.SecurityContextPersistenceFilter@e2f6a45, org.springframework.security.web.header.HeaderWriterFilter@185a0811, org.springframework.security.web.authentication.logout.LogoutFilter@36453773, org.springframework.security.oauth2.client.web.OAuth2AuthorizationRequestRedirectFilter@19213a74, org.springframework.security.oauth2.client.web.OAuth2LoginAuthenticationFilter@6942ee48, org.springframework.security.web.authentication.ui.DefaultLoginPageGeneratingFilter@434d001d, org.springframework.security.web.authentication.ui.DefaultLogoutPageGeneratingFilter@70cd122, org.springframework.security.web.savedrequest.RequestCacheAwareFilter@24cbf894, org.springframework.security.web.servletapi.SecurityContextHolderAwareRequestFilter@6c19769c, org.springframework.security.web.authentication.AnonymousAuthenticationFilter@79424f25, org.springframework.security.web.session.SessionManagementFilter@77fb1002, org.springframework.security.web.access.ExceptionTranslationFilter@2ee095c9, org.springframework.security.web.access.intercept.FilterSecurityInterceptor@2b15ba1a]
2022-10-23 15:57:18.758  INFO 17144 --- [    Test worker] o.s.s.concurrent.ThreadPoolTaskExecutor  : Initializing ExecutorService 'applicationTaskExecutor'
2022-10-23 15:57:18.799  WARN 17144 --- [    Test worker] aWebConfiguration$JpaWebMvcConfiguration : spring.jpa.open-in-view is enabled by default. Therefore, database queries may be performed during view rendering. Explicitly configure spring.jpa.open-in-view to disable this warning
2022-10-23 15:57:18.879  INFO 17144 --- [    Test worker] o.s.b.a.w.s.WelcomePageHandlerMapping    : Adding welcome page template: index
2022-10-23 15:57:20.077  INFO 17144 --- [    Test worker] s.a.ScheduledAnnotationBeanPostProcessor : No TaskScheduler/ScheduledExecutorService bean found for scheduled processing
2022-10-23 15:57:20.098  INFO 17144 --- [    Test worker] c.s.s.domain.posts.PostsRepositoryTest   : Started PostsRepositoryTest in 9.734 seconds (JVM running for 18.629)
Hibernate: insert into posts (created_date, modified_date, author, content, title) values (?, ?, ?, ?, ?)
Hibernate: select posts0_.id as id1_0_, posts0_.created_date as created_2_0_, posts0_.modified_date as modified3_0_, posts0_.author as author4_0_, posts0_.content as content5_0_, posts0_.title as title6_0_ from posts posts0_
Hibernate: select posts0_.id as id1_0_, posts0_.created_date as created_2_0_, posts0_.modified_date as modified3_0_, posts0_.author as author4_0_, posts0_.content as content5_0_, posts0_.title as title6_0_ from posts posts0_
Hibernate: delete from posts where id=?
Hibernate: insert into posts (created_date, modified_date, author, content, title) values (?, ?, ?, ?, ?)
Hibernate: select posts0_.id as id1_0_, posts0_.created_date as created_2_0_, posts0_.modified_date as modified3_0_, posts0_.author as author4_0_, posts0_.content as content5_0_, posts0_.title as title6_0_ from posts posts0_
>>>>>>>>>> create = 2022-10-23T15:57:20.535
Hibernate: select posts0_.id as id1_0_, posts0_.created_date as created_2_0_, posts0_.modified_date as modified3_0_, posts0_.author as author4_0_, posts0_.content as content5_0_, posts0_.title as title6_0_ from posts posts0_
Hibernate: delete from posts where id=?
]]></system-out>
  <system-err><![CDATA[]]></system-err>
</testsuite>
