<?xml version="1.0" encoding="UTF-8"?>
<testsuite name="com.study.springboot.HelloControllerTest" tests="2" skipped="0" failures="0" errors="0" timestamp="2022-10-23T06:20:55" hostname="LAPTOP-IBI4ULVI" time="0.125">
  <properties/>
  <testcase name="helloDto_return" classname="com.study.springboot.HelloControllerTest" time="0.118"/>
  <testcase name="Hello_return" classname="com.study.springboot.HelloControllerTest" time="0.007"/>
  <system-out><![CDATA[2022-10-23 15:20:53.751  INFO 18596 --- [    Test worker] .b.t.a.w.s.WebMvcTestContextBootstrapper : Neither @ContextConfiguration nor @ContextHierarchy found for test class [com.study.springboot.HelloControllerTest], using SpringBootContextLoader
2022-10-23 15:20:53.752  INFO 18596 --- [    Test worker] o.s.t.c.support.AbstractContextLoader    : Could not detect default resource locations for test class [com.study.springboot.HelloControllerTest]: no resource found for suffixes {-context.xml, Context.groovy}.
2022-10-23 15:20:53.752  INFO 18596 --- [    Test worker] t.c.s.AnnotationConfigContextLoaderUtils : Could not detect default configuration classes for test class [com.study.springboot.HelloControllerTest]: HelloControllerTest does not declare any static, non-private, non-final, nested classes annotated with @Configuration.
2022-10-23 15:20:53.776  INFO 18596 --- [    Test worker] .b.t.c.SpringBootTestContextBootstrapper : Found @SpringBootConfiguration com.study.springboot.Application for test class com.study.springboot.HelloControllerTest
2022-10-23 15:20:53.776  INFO 18596 --- [    Test worker] .b.t.a.w.s.WebMvcTestContextBootstrapper : Loaded default TestExecutionListener class names from location [META-INF/spring.factories]: [org.springframework.security.test.context.support.WithSecurityContextTestExecutionListener, org.springframework.security.test.context.support.ReactorContextTestExecutionListener, org.springframework.boot.test.autoconfigure.restdocs.RestDocsTestExecutionListener, org.springframework.boot.test.autoconfigure.web.client.MockRestServiceServerResetTestExecutionListener, org.springframework.boot.test.autoconfigure.web.servlet.MockMvcPrintOnlyOnFailureTestExecutionListener, org.springframework.boot.test.autoconfigure.web.servlet.WebDriverTestExecutionListener, org.springframework.boot.test.mock.mockito.MockitoTestExecutionListener, org.springframework.boot.test.mock.mockito.ResetMocksTestExecutionListener, org.springframework.test.context.web.ServletTestExecutionListener, org.springframework.test.context.support.DirtiesContextBeforeModesTestExecutionListener, org.springframework.test.context.support.DependencyInjectionTestExecutionListener, org.springframework.test.context.support.DirtiesContextTestExecutionListener, org.springframework.test.context.transaction.TransactionalTestExecutionListener, org.springframework.test.context.jdbc.SqlScriptsTestExecutionListener]
2022-10-23 15:20:53.778  INFO 18596 --- [    Test worker] .b.t.a.w.s.WebMvcTestContextBootstrapper : Using TestExecutionListeners: [org.springframework.test.context.web.ServletTestExecutionListener@1ebcfcf1, org.springframework.test.context.support.DirtiesContextBeforeModesTestExecutionListener@8e100e7, org.springframework.boot.test.mock.mockito.MockitoTestExecutionListener@420dde28, org.springframework.boot.test.autoconfigure.SpringBootDependencyInjectionTestExecutionListener@6d3a56ea, org.springframework.test.context.support.DirtiesContextTestExecutionListener@141874c8, org.springframework.test.context.transaction.TransactionalTestExecutionListener@147ea894, org.springframework.test.context.jdbc.SqlScriptsTestExecutionListener@38aed8ad, org.springframework.security.test.context.support.WithSecurityContextTestExecutionListener@79c4454, org.springframework.security.test.context.support.ReactorContextTestExecutionListener@50f5ce5b, org.springframework.boot.test.autoconfigure.restdocs.RestDocsTestExecutionListener@31aee6d9, org.springframework.boot.test.autoconfigure.web.client.MockRestServiceServerResetTestExecutionListener@7f0b2bf1, org.springframework.boot.test.autoconfigure.web.servlet.MockMvcPrintOnlyOnFailureTestExecutionListener@1a507ea0, org.springframework.boot.test.autoconfigure.web.servlet.WebDriverTestExecutionListener@64a9fca7, org.springframework.boot.test.mock.mockito.ResetMocksTestExecutionListener@22f756c5]

  .   ____          _            __ _ _
 /\\ / ___'_ __ _ _(_)_ __  __ _ \ \ \ \
( ( )\___ | '_ | '_| | '_ \/ _` | \ \ \ \
 \\/  ___)| |_)| | | | | || (_| |  ) ) ) )
  '  |____| .__|_| |_|_| |_\__, | / / / /
 =========|_|==============|___/=/_/_/_/
 :: Spring Boot ::        (v2.1.7.RELEASE)

2022-10-23 15:20:53.846  INFO 18596 --- [    Test worker] c.study.springboot.HelloControllerTest   : Starting HelloControllerTest on LAPTOP-IBI4ULVI with PID 18596 (started by thkim2 in C:\Users\thkim2\Desktop\스프링공부\spring-jpa-aws-study)
2022-10-23 15:20:53.847  INFO 18596 --- [    Test worker] c.study.springboot.HelloControllerTest   : No active profile set, falling back to default profiles: default
2022-10-23 15:20:54.602  INFO 18596 --- [    Test worker] o.s.s.concurrent.ThreadPoolTaskExecutor  : Initializing ExecutorService 'applicationTaskExecutor'
2022-10-23 15:20:54.640  INFO 18596 --- [    Test worker] o.s.b.a.w.s.WelcomePageHandlerMapping    : Adding welcome page template: index
2022-10-23 15:20:54.901  INFO 18596 --- [    Test worker] .s.s.UserDetailsServiceAutoConfiguration : 

Using generated security password: 16b427e8-ad33-4ca5-9a8a-c94a3b80d143

2022-10-23 15:20:55.075  INFO 18596 --- [    Test worker] o.s.s.web.DefaultSecurityFilterChain     : Creating filter chain: any request, [org.springframework.security.web.context.request.async.WebAsyncManagerIntegrationFilter@6db64abf, org.springframework.security.web.context.SecurityContextPersistenceFilter@487f025, org.springframework.security.web.header.HeaderWriterFilter@64547a83, org.springframework.security.web.csrf.CsrfFilter@30fffb53, org.springframework.security.web.authentication.logout.LogoutFilter@7959fbe3, org.springframework.security.web.authentication.UsernamePasswordAuthenticationFilter@6e6ec9c, org.springframework.security.web.authentication.ui.DefaultLoginPageGeneratingFilter@63574d76, org.springframework.security.web.authentication.ui.DefaultLogoutPageGeneratingFilter@34714012, org.springframework.security.web.authentication.www.BasicAuthenticationFilter@1e8c741c, org.springframework.security.web.savedrequest.RequestCacheAwareFilter@7ef570be, org.springframework.security.web.servletapi.SecurityContextHolderAwareRequestFilter@39329d81, org.springframework.security.web.authentication.AnonymousAuthenticationFilter@49a0fe14, org.springframework.security.web.session.SessionManagementFilter@2b3e2039, org.springframework.security.web.access.ExceptionTranslationFilter@1e8c9083, org.springframework.security.web.access.intercept.FilterSecurityInterceptor@74e111a8]
2022-10-23 15:20:55.098  INFO 18596 --- [    Test worker] o.s.b.t.m.w.SpringBootMockServletContext : Initializing Spring TestDispatcherServlet ''
2022-10-23 15:20:55.098  INFO 18596 --- [    Test worker] o.s.t.web.servlet.TestDispatcherServlet  : Initializing Servlet ''
2022-10-23 15:20:55.099  INFO 18596 --- [    Test worker] o.s.t.web.servlet.TestDispatcherServlet  : Completed initialization in 1 ms
2022-10-23 15:20:55.133  INFO 18596 --- [    Test worker] c.study.springboot.HelloControllerTest   : Started HelloControllerTest in 1.346 seconds (JVM running for 14.319)
]]></system-out>
  <system-err><![CDATA[]]></system-err>
</testsuite>
