<?xml version="1.0" encoding="UTF-8"?>
<testsuite name="com.study.springboot.domain.posts.PostsRepositoryTest" tests="2" skipped="0" failures="0" errors="0" timestamp="2022-10-23T06:41:31" hostname="LAPTOP-IBI4ULVI" time="0.405">
  <properties/>
  <testcase name="게시글저장_불러오기" classname="com.study.springboot.domain.posts.PostsRepositoryTest" time="0.391"/>
  <testcase name="BaseTimeEntity_등록" classname="com.study.springboot.domain.posts.PostsRepositoryTest" time="0.014"/>
  <system-out><![CDATA[2022-10-23 15:41:22.933  INFO 16144 --- [    Test worker] .b.t.c.SpringBootTestContextBootstrapper : Neither @ContextConfiguration nor @ContextHierarchy found for test class [com.study.springboot.domain.posts.PostsRepositoryTest], using SpringBootContextLoader
2022-10-23 15:41:22.936  INFO 16144 --- [    Test worker] o.s.t.c.support.AbstractContextLoader    : Could not detect default resource locations for test class [com.study.springboot.domain.posts.PostsRepositoryTest]: no resource found for suffixes {-context.xml, Context.groovy}.
2022-10-23 15:41:22.936  INFO 16144 --- [    Test worker] t.c.s.AnnotationConfigContextLoaderUtils : Could not detect default configuration classes for test class [com.study.springboot.domain.posts.PostsRepositoryTest]: PostsRepositoryTest does not declare any static, non-private, non-final, nested classes annotated with @Configuration.
2022-10-23 15:41:22.958  INFO 16144 --- [    Test worker] .b.t.c.SpringBootTestContextBootstrapper : Found @SpringBootConfiguration com.study.springboot.Application for test class com.study.springboot.domain.posts.PostsRepositoryTest
2022-10-23 15:41:22.962  INFO 16144 --- [    Test worker] .b.t.c.SpringBootTestContextBootstrapper : Loaded default TestExecutionListener class names from location [META-INF/spring.factories]: [org.springframework.security.test.context.support.WithSecurityContextTestExecutionListener, org.springframework.security.test.context.support.ReactorContextTestExecutionListener, org.springframework.boot.test.autoconfigure.restdocs.RestDocsTestExecutionListener, org.springframework.boot.test.autoconfigure.web.client.MockRestServiceServerResetTestExecutionListener, org.springframework.boot.test.autoconfigure.web.servlet.MockMvcPrintOnlyOnFailureTestExecutionListener, org.springframework.boot.test.autoconfigure.web.servlet.WebDriverTestExecutionListener, org.springframework.boot.test.mock.mockito.MockitoTestExecutionListener, org.springframework.boot.test.mock.mockito.ResetMocksTestExecutionListener, org.springframework.test.context.web.ServletTestExecutionListener, org.springframework.test.context.support.DirtiesContextBeforeModesTestExecutionListener, org.springframework.test.context.support.DependencyInjectionTestExecutionListener, org.springframework.test.context.support.DirtiesContextTestExecutionListener, org.springframework.test.context.transaction.TransactionalTestExecutionListener, org.springframework.test.context.jdbc.SqlScriptsTestExecutionListener]
2022-10-23 15:41:22.964  INFO 16144 --- [    Test worker] .b.t.c.SpringBootTestContextBootstrapper : Using TestExecutionListeners: [org.springframework.test.context.web.ServletTestExecutionListener@536d97f8, org.springframework.test.context.support.DirtiesContextBeforeModesTestExecutionListener@3c50ad4b, org.springframework.boot.test.mock.mockito.MockitoTestExecutionListener@37496720, org.springframework.boot.test.autoconfigure.SpringBootDependencyInjectionTestExecutionListener@28f9fedd, org.springframework.test.context.support.DirtiesContextTestExecutionListener@17947e6d, org.springframework.test.context.transaction.TransactionalTestExecutionListener@2e17a321, org.springframework.test.context.jdbc.SqlScriptsTestExecutionListener@521bb1a4, org.springframework.security.test.context.support.WithSecurityContextTestExecutionListener@35f3a22c, org.springframework.security.test.context.support.ReactorContextTestExecutionListener@1a0c5e9, org.springframework.boot.test.autoconfigure.restdocs.RestDocsTestExecutionListener@123d7057, org.springframework.boot.test.autoconfigure.web.client.MockRestServiceServerResetTestExecutionListener@1d247525, org.springframework.boot.test.autoconfigure.web.servlet.MockMvcPrintOnlyOnFailureTestExecutionListener@35ee466f, org.springframework.boot.test.autoconfigure.web.servlet.WebDriverTestExecutionListener@32e652b6, org.springframework.boot.test.mock.mockito.ResetMocksTestExecutionListener@4ba02375]

  .   ____          _            __ _ _
 /\\ / ___'_ __ _ _(_)_ __  __ _ \ \ \ \
( ( )\___ | '_ | '_| | '_ \/ _` | \ \ \ \
 \\/  ___)| |_)| | | | | || (_| |  ) ) ) )
  '  |____| .__|_| |_|_| |_\__, | / / / /
 =========|_|==============|___/=/_/_/_/
 :: Spring Boot ::        (v2.1.7.RELEASE)

2022-10-23 15:41:23.024  INFO 16144 --- [    Test worker] c.s.s.domain.posts.PostsRepositoryTest   : Starting PostsRepositoryTest on LAPTOP-IBI4ULVI with PID 16144 (started by thkim2 in C:\Users\thkim2\Desktop\스프링공부\spring-jpa-aws-study)
2022-10-23 15:41:23.025  INFO 16144 --- [    Test worker] c.s.s.domain.posts.PostsRepositoryTest   : No active profile set, falling back to default profiles: default
2022-10-23 15:41:23.657  INFO 16144 --- [    Test worker] .s.d.r.c.RepositoryConfigurationDelegate : Bootstrapping Spring Data repositories in DEFAULT mode.
2022-10-23 15:41:23.754  INFO 16144 --- [    Test worker] .s.d.r.c.RepositoryConfigurationDelegate : Finished Spring Data repository scanning in 87ms. Found 2 repository interfaces.
2022-10-23 15:41:24.342  INFO 16144 --- [    Test worker] trationDelegate$BeanPostProcessorChecker : Bean 'org.springframework.transaction.annotation.ProxyTransactionManagementConfiguration' of type [org.springframework.transaction.annotation.ProxyTransactionManagementConfiguration$$EnhancerBySpringCGLIB$$cad1c0d5] is not eligible for getting processed by all BeanPostProcessors (for example: not eligible for auto-proxying)
2022-10-23 15:41:24.703  INFO 16144 --- [    Test worker] com.zaxxer.hikari.HikariDataSource       : HikariPool-1 - Starting...
2022-10-23 15:41:25.057  INFO 16144 --- [    Test worker] com.zaxxer.hikari.HikariDataSource       : HikariPool-1 - Start completed.
2022-10-23 15:41:25.259  INFO 16144 --- [    Test worker] o.hibernate.jpa.internal.util.LogHelper  : HHH000204: Processing PersistenceUnitInfo [
	name: default
	...]
2022-10-23 15:41:25.493  INFO 16144 --- [    Test worker] org.hibernate.Version                    : HHH000412: Hibernate Core {5.3.10.Final}
2022-10-23 15:41:25.501  INFO 16144 --- [    Test worker] org.hibernate.cfg.Environment            : HHH000206: hibernate.properties not found
2022-10-23 15:41:25.675  INFO 16144 --- [    Test worker] o.hibernate.annotations.common.Version   : HCANN000001: Hibernate Commons Annotations {5.0.4.Final}
2022-10-23 15:41:26.142  INFO 16144 --- [    Test worker] org.hibernate.dialect.Dialect            : HHH000400: Using dialect: org.hibernate.dialect.MySQL5InnoDBDialect
Hibernate: drop table if exists posts
Hibernate: drop table if exists user
Hibernate: create table posts (id bigint not null auto_increment, created_date datetime, modified_date datetime, author varchar(255), content TEXT not null, title varchar(500) not null, primary key (id)) engine=InnoDB
Hibernate: create table user (id bigint not null auto_increment, created_date datetime, modified_date datetime, email varchar(255) not null, name varchar(255) not null, picture varchar(255), role varchar(255) not null, primary key (id)) engine=InnoDB
2022-10-23 15:41:27.863  INFO 16144 --- [    Test worker] o.h.t.schema.internal.SchemaCreatorImpl  : HHH000476: Executing import script 'org.hibernate.tool.schema.internal.exec.ScriptSourceInputNonExistentImpl@1dfe5dd1'
2022-10-23 15:41:27.871  INFO 16144 --- [    Test worker] j.LocalContainerEntityManagerFactoryBean : Initialized JPA EntityManagerFactory for persistence unit 'default'
2022-10-23 15:41:28.926  INFO 16144 --- [    Test worker] o.h.h.i.QueryTranslatorFactoryInitiator  : HHH000397: Using ASTQueryTranslatorFactory
2022-10-23 15:41:29.737  INFO 16144 --- [    Test worker] o.s.s.web.DefaultSecurityFilterChain     : Creating filter chain: any request, [org.springframework.security.web.context.request.async.WebAsyncManagerIntegrationFilter@6942ee48, org.springframework.security.web.context.SecurityContextPersistenceFilter@185a0811, org.springframework.security.web.header.HeaderWriterFilter@6f22c1f1, org.springframework.security.web.authentication.logout.LogoutFilter@6c19769c, org.springframework.security.oauth2.client.web.OAuth2AuthorizationRequestRedirectFilter@37dec463, org.springframework.security.oauth2.client.web.OAuth2LoginAuthenticationFilter@49639118, org.springframework.security.web.authentication.ui.DefaultLoginPageGeneratingFilter@24cbf894, org.springframework.security.web.authentication.ui.DefaultLogoutPageGeneratingFilter@3f033664, org.springframework.security.web.savedrequest.RequestCacheAwareFilter@77fb1002, org.springframework.security.web.servletapi.SecurityContextHolderAwareRequestFilter@e2f6a45, org.springframework.security.web.authentication.AnonymousAuthenticationFilter@6abd8bcd, org.springframework.security.web.session.SessionManagementFilter@2ee095c9, org.springframework.security.web.access.ExceptionTranslationFilter@4ea43d4d, org.springframework.security.web.access.intercept.FilterSecurityInterceptor@4f2d8175]
2022-10-23 15:41:30.562  INFO 16144 --- [    Test worker] o.s.s.concurrent.ThreadPoolTaskExecutor  : Initializing ExecutorService 'applicationTaskExecutor'
2022-10-23 15:41:30.588  WARN 16144 --- [    Test worker] aWebConfiguration$JpaWebMvcConfiguration : spring.jpa.open-in-view is enabled by default. Therefore, database queries may be performed during view rendering. Explicitly configure spring.jpa.open-in-view to disable this warning
2022-10-23 15:41:30.655  INFO 16144 --- [    Test worker] o.s.b.a.w.s.WelcomePageHandlerMapping    : Adding welcome page template: index
2022-10-23 15:41:31.909  INFO 16144 --- [    Test worker] s.a.ScheduledAnnotationBeanPostProcessor : No TaskScheduler/ScheduledExecutorService bean found for scheduled processing
2022-10-23 15:41:31.930  INFO 16144 --- [    Test worker] c.s.s.domain.posts.PostsRepositoryTest   : Started PostsRepositoryTest in 8.964 seconds (JVM running for 16.895)
Hibernate: insert into posts (created_date, modified_date, author, content, title) values (?, ?, ?, ?, ?)
Hibernate: select posts0_.id as id1_0_, posts0_.created_date as created_2_0_, posts0_.modified_date as modified3_0_, posts0_.author as author4_0_, posts0_.content as content5_0_, posts0_.title as title6_0_ from posts posts0_
Hibernate: select posts0_.id as id1_0_, posts0_.created_date as created_2_0_, posts0_.modified_date as modified3_0_, posts0_.author as author4_0_, posts0_.content as content5_0_, posts0_.title as title6_0_ from posts posts0_
Hibernate: delete from posts where id=?
Hibernate: insert into posts (created_date, modified_date, author, content, title) values (?, ?, ?, ?, ?)
Hibernate: select posts0_.id as id1_0_, posts0_.created_date as created_2_0_, posts0_.modified_date as modified3_0_, posts0_.author as author4_0_, posts0_.content as content5_0_, posts0_.title as title6_0_ from posts posts0_
>>>>>>>>>> create = 2022-10-23T15:41:32.334
Hibernate: select posts0_.id as id1_0_, posts0_.created_date as created_2_0_, posts0_.modified_date as modified3_0_, posts0_.author as author4_0_, posts0_.content as content5_0_, posts0_.title as title6_0_ from posts posts0_
Hibernate: delete from posts where id=?
]]></system-out>
  <system-err><![CDATA[]]></system-err>
</testsuite>
