<?xml version="1.0" encoding="UTF-8"?>
<testsuite name="com.study.springboot.web.dto.HelloResponseDtoTest" tests="1" skipped="0" failures="0" errors="0" timestamp="2022-10-23T06:57:25" hostname="LAPTOP-IBI4ULVI" time="0.004">
  <properties/>
  <testcase name="lombok_function" classname="com.study.springboot.web.dto.HelloResponseDtoTest" time="0.004"/>
  <system-out><![CDATA[]]></system-out>
  <system-err><![CDATA[]]></system-err>
</testsuite>
